\BOOKMARK [1][-]{section.1}{Introduction}{}
\BOOKMARK [2][-]{subsection.1.1}{Question Answering}{section.1}
\BOOKMARK [2][-]{subsection.1.2}{Question Classification}{section.1}
\BOOKMARK [3][-]{subsubsection.1.2.1}{Answer Types}{subsection.1.2}
\BOOKMARK [3][-]{subsubsection.1.2.2}{Classification Strategies}{subsection.1.2}
\BOOKMARK [1][-]{section.2}{The starting point}{}
\BOOKMARK [2][-]{subsection.2.1}{On-Line Algorithm}{section.2}
\BOOKMARK [2][-]{subsection.2.2}{Winnow}{section.2}
\BOOKMARK [1][-]{section.3}{Winnow Project}{}
\BOOKMARK [2][-]{subsection.3.1}{Obiettivi}{section.3}
\BOOKMARK [1][-]{section.4}{Pre-Processing - Feature Extraction}{}
\BOOKMARK [1][-]{section.5}{Experimental Set-Up}{}
\BOOKMARK [2][-]{subsection.5.1}{Weka Interface}{section.5}
\BOOKMARK [2][-]{subsection.5.2}{Filters}{section.5}
\BOOKMARK [2][-]{subsection.5.3}{Report}{section.5}
\BOOKMARK [2][-]{subsection.5.4}{Winnow Classifier The Algorithm}{section.5}
\BOOKMARK [2][-]{subsection.5.5}{SMO Comparison}{section.5}
\BOOKMARK [2][-]{subsection.5.6}{Hardware}{section.5}
\BOOKMARK [1][-]{section.6}{Experimental Result}{}
\BOOKMARK [2][-]{subsection.6.1}{Winnow Result}{section.6}
\BOOKMARK [3][-]{subsubsection.6.1.1}{All Feature \(best result\)}{subsection.6.1}
\BOOKMARK [3][-]{subsubsection.6.1.2}{Zero feature}{subsection.6.1}
\BOOKMARK [3][-]{subsubsection.6.1.3}{Stemmer only}{subsection.6.1}
\BOOKMARK [2][-]{subsection.6.2}{Winnow vs SMO}{section.6}
\BOOKMARK [3][-]{subsubsection.6.2.1}{All Feature}{subsection.6.2}
\BOOKMARK [3][-]{subsubsection.6.2.2}{Zero Feature}{subsection.6.2}
\BOOKMARK [1][-]{section.7}{Conclusion}{}
